/home/tisyasingh/humanoid_ws/install/humanoid_controller/lib/python3.10/site-packages/humanoid_controller/joint_controller.py
/home/tisyasingh/humanoid_ws/install/humanoid_controller/lib/python3.10/site-packages/humanoid_controller/__init__.py
/home/tisyasingh/humanoid_ws/install/humanoid_controller/lib/python3.10/site-packages/humanoid_controller/__pycache__/joint_controller.cpython-310.pyc
/home/tisyasingh/humanoid_ws/install/humanoid_controller/lib/python3.10/site-packages/humanoid_controller/__pycache__/__init__.cpython-310.pyc
/home/tisyasingh/humanoid_ws/install/humanoid_controller/share/ament_index/resource_index/packages/humanoid_controller
/home/tisyasingh/humanoid_ws/install/humanoid_controller/share/humanoid_controller/package.xml
/home/tisyasingh/humanoid_ws/install/humanoid_controller/share/humanoid_controller/launch/humanoid_launch.py
/home/tisyasingh/humanoid_ws/install/humanoid_controller/share/humanoid_controller/resource/humanoid_meshes.urdf
/home/tisyasingh/humanoid_ws/install/humanoid_controller/share/humanoid_controller/resource/meshes/Elbow_URDF.dae
/home/tisyasingh/humanoid_ws/install/humanoid_controller/share/humanoid_controller/resource/meshes/ForeArmLink1.dae
/home/tisyasingh/humanoid_ws/install/humanoid_controller/share/humanoid_controller/resource/meshes/Base.dae
/home/tisyasingh/humanoid_ws/install/humanoid_controller/share/humanoid_controller/resource/meshes/Forearm_Joint2.dae
/home/tisyasingh/humanoid_ws/install/humanoid_controller/share/humanoid_controller/resource/meshes/ForeArm_joint_roll.dae
/home/tisyasingh/humanoid_ws/install/humanoid_controller/share/humanoid_controller/resource/meshes/Shoulder_pitch.dae
/home/tisyasingh/humanoid_ws/install/humanoid_controller/share/humanoid_controller/rviz/humanoid.rviz
/home/tisyasingh/humanoid_ws/install/humanoid_controller/lib/python3.10/site-packages/humanoid_controller-0.0.1-py3.10.egg-info/entry_points.txt
/home/tisyasingh/humanoid_ws/install/humanoid_controller/lib/python3.10/site-packages/humanoid_controller-0.0.1-py3.10.egg-info/requires.txt
/home/tisyasingh/humanoid_ws/install/humanoid_controller/lib/python3.10/site-packages/humanoid_controller-0.0.1-py3.10.egg-info/SOURCES.txt
/home/tisyasingh/humanoid_ws/install/humanoid_controller/lib/python3.10/site-packages/humanoid_controller-0.0.1-py3.10.egg-info/dependency_links.txt
/home/tisyasingh/humanoid_ws/install/humanoid_controller/lib/python3.10/site-packages/humanoid_controller-0.0.1-py3.10.egg-info/zip-safe
/home/tisyasingh/humanoid_ws/install/humanoid_controller/lib/python3.10/site-packages/humanoid_controller-0.0.1-py3.10.egg-info/top_level.txt
/home/tisyasingh/humanoid_ws/install/humanoid_controller/lib/python3.10/site-packages/humanoid_controller-0.0.1-py3.10.egg-info/PKG-INFO
/home/tisyasingh/humanoid_ws/install/humanoid_controller/lib/humanoid_controller/humanoid_controller
