[0.306s] Invoking command in '/home/tisyasingh/humanoid_ws/src/humanoid_controller': PYTHONPATH=/home/tisyasingh/humanoid_ws/build/humanoid_controller/prefix_override:/usr/lib/python3/dist-packages/colcon_core/task/python/colcon_distutils_commands:/home/tisyasingh/humanoid_ws/install/humanoid_controller/lib/python3.10/site-packages:${PYTHONPATH} /usr/bin/python3 -W ignore:setup.py install is deprecated -W ignore:easy_install command is deprecated setup.py egg_info --egg-base ../../build/humanoid_controller build --build-base /home/tisyasingh/humanoid_ws/build/humanoid_controller/build install --record /home/tisyasingh/humanoid_ws/build/humanoid_controller/install.log --single-version-externally-managed install_data
[0.401s] running egg_info
[0.401s] writing ../../build/humanoid_controller/humanoid_controller.egg-info/PKG-INFO
[0.401s] writing dependency_links to ../../build/humanoid_controller/humanoid_controller.egg-info/dependency_links.txt
[0.402s] writing entry points to ../../build/humanoid_controller/humanoid_controller.egg-info/entry_points.txt
[0.402s] writing requirements to ../../build/humanoid_controller/humanoid_controller.egg-info/requires.txt
[0.402s] writing top-level names to ../../build/humanoid_controller/humanoid_controller.egg-info/top_level.txt
[0.403s] reading manifest file '../../build/humanoid_controller/humanoid_controller.egg-info/SOURCES.txt'
[0.404s] writing manifest file '../../build/humanoid_controller/humanoid_controller.egg-info/SOURCES.txt'
[0.404s] running build
[0.404s] running build_py
[0.404s] copying humanoid_controller/joint_controller.py -> /home/tisyasingh/humanoid_ws/build/humanoid_controller/build/lib/humanoid_controller
[0.404s] running install
[0.404s] running install_lib
[0.404s] copying /home/tisyasingh/humanoid_ws/build/humanoid_controller/build/lib/humanoid_controller/joint_controller.py -> /home/tisyasingh/humanoid_ws/install/humanoid_controller/lib/python3.10/site-packages/humanoid_controller
[0.405s] byte-compiling /home/tisyasingh/humanoid_ws/install/humanoid_controller/lib/python3.10/site-packages/humanoid_controller/joint_controller.py to joint_controller.cpython-310.pyc
[0.405s] running install_data
[0.406s] running install_egg_info
[0.406s] removing '/home/tisyasingh/humanoid_ws/install/humanoid_controller/lib/python3.10/site-packages/humanoid_controller-0.0.1-py3.10.egg-info' (and everything under it)
[0.407s] Copying ../../build/humanoid_controller/humanoid_controller.egg-info to /home/tisyasingh/humanoid_ws/install/humanoid_controller/lib/python3.10/site-packages/humanoid_controller-0.0.1-py3.10.egg-info
[0.407s] running install_scripts
[0.416s] Installing humanoid_controller script to /home/tisyasingh/humanoid_ws/install/humanoid_controller/lib/humanoid_controller
[0.416s] writing list of installed files to '/home/tisyasingh/humanoid_ws/build/humanoid_controller/install.log'
[0.427s] Invoked command in '/home/tisyasingh/humanoid_ws/src/humanoid_controller' returned '0': PYTHONPATH=/home/tisyasingh/humanoid_ws/build/humanoid_controller/prefix_override:/usr/lib/python3/dist-packages/colcon_core/task/python/colcon_distutils_commands:/home/tisyasingh/humanoid_ws/install/humanoid_controller/lib/python3.10/site-packages:${PYTHONPATH} /usr/bin/python3 -W ignore:setup.py install is deprecated -W ignore:easy_install command is deprecated setup.py egg_info --egg-base ../../build/humanoid_controller build --build-base /home/tisyasingh/humanoid_ws/build/humanoid_controller/build install --record /home/tisyasingh/humanoid_ws/build/humanoid_controller/install.log --single-version-externally-managed install_data
