[0.294s] Invoking command in '/home/tisyasingh/humanoid_ws/src/humanoid_controller': PYTHONPATH=/home/tisyasingh/humanoid_ws/build/humanoid_controller/prefix_override:/usr/lib/python3/dist-packages/colcon_core/task/python/colcon_distutils_commands:/home/tisyasingh/humanoid_ws/install/humanoid_controller/lib/python3.10/site-packages:${PYTHONPATH} /usr/bin/python3 -W ignore:setup.py install is deprecated -W ignore:easy_install command is deprecated setup.py egg_info --egg-base ../../build/humanoid_controller build --build-base /home/tisyasingh/humanoid_ws/build/humanoid_controller/build install --record /home/tisyasingh/humanoid_ws/build/humanoid_controller/install.log --single-version-externally-managed install_data
[0.390s] running egg_info
[0.390s] writing ../../build/humanoid_controller/humanoid_controller.egg-info/PKG-INFO
[0.391s] writing dependency_links to ../../build/humanoid_controller/humanoid_controller.egg-info/dependency_links.txt
[0.391s] writing entry points to ../../build/humanoid_controller/humanoid_controller.egg-info/entry_points.txt
[0.391s] writing requirements to ../../build/humanoid_controller/humanoid_controller.egg-info/requires.txt
[0.391s] writing top-level names to ../../build/humanoid_controller/humanoid_controller.egg-info/top_level.txt
[0.392s] reading manifest file '../../build/humanoid_controller/humanoid_controller.egg-info/SOURCES.txt'
[0.393s] writing manifest file '../../build/humanoid_controller/humanoid_controller.egg-info/SOURCES.txt'
[0.393s] running build
[0.393s] running build_py
[0.393s] copying humanoid_controller/joint_controller.py -> /home/tisyasingh/humanoid_ws/build/humanoid_controller/build/lib/humanoid_controller
[0.393s] running install
[0.393s] running install_lib
[0.393s] copying /home/tisyasingh/humanoid_ws/build/humanoid_controller/build/lib/humanoid_controller/joint_controller.py -> /home/tisyasingh/humanoid_ws/install/humanoid_controller/lib/python3.10/site-packages/humanoid_controller
[0.393s] byte-compiling /home/tisyasingh/humanoid_ws/install/humanoid_controller/lib/python3.10/site-packages/humanoid_controller/joint_controller.py to joint_controller.cpython-310.pyc
[0.394s] running install_data
[0.394s] creating /home/tisyasingh/humanoid_ws/install/humanoid_controller/share/humanoid_controller/srv
[0.394s] error: can't copy 'srv/SetJointPosition.srv': doesn't exist or not a regular file
[0.403s] Invoked command in '/home/tisyasingh/humanoid_ws/src/humanoid_controller' returned '1': PYTHONPATH=/home/tisyasingh/humanoid_ws/build/humanoid_controller/prefix_override:/usr/lib/python3/dist-packages/colcon_core/task/python/colcon_distutils_commands:/home/tisyasingh/humanoid_ws/install/humanoid_controller/lib/python3.10/site-packages:${PYTHONPATH} /usr/bin/python3 -W ignore:setup.py install is deprecated -W ignore:easy_install command is deprecated setup.py egg_info --egg-base ../../build/humanoid_controller build --build-base /home/tisyasingh/humanoid_ws/build/humanoid_controller/build install --record /home/tisyasingh/humanoid_ws/build/humanoid_controller/install.log --single-version-externally-managed install_data
